<?xml version="1.0" encoding="UTF-8"?>
<!-- Generated by org.testng.reporters.JUnitXMLReporter -->
<testsuite hostname="dwarakamayicsk" ignored="0" name="DotDashAPITests" tests="7" failures="0" timestamp="14 Oct 2018 23:21:44 GMT" time="5.169" errors="0">
  <testcase name="serviceStatusTest" time="2.979" classname="com.bin.APITestPackage.DotAPITest"/>
  <testcase name="tasksCountthoseHaveCatergoryTest" time="0.094" classname="com.bin.APITestPackage.DotAPITest"/>
  <testcase name="printTaskNamesTest" time="0.031" classname="com.bin.APITestPackage.DotAPITest"/>
  <testcase name="printTaskBasedOnDueDateDescTest" time="0.047" classname="com.bin.APITestPackage.DotAPITest"/>
  <testcase name="countTaskNamesTest" time="0.031" classname="com.bin.APITestPackage.DotAPITest"/>
  <testcase name="validateAllValuesAreReturnedTest" time="0.047" classname="com.bin.APITestPackage.DotAPITest"/>
  <testcase name="allCompletedTasksTest" time="0.031" classname="com.bin.APITestPackage.DotAPITest"/>
</testsuite> <!-- DotDashAPITests -->
