<?xml version="1.0" encoding="UTF-8"?>
<!-- Generated by org.testng.reporters.JUnitXMLReporter -->
<testsuite hostname="dwarakamayicsk" ignored="0" name="DotDashTests" tests="7" failures="0" timestamp="13 Oct 2018 20:40:30 GMT" time="5.774" errors="0">
  <testcase name="serviceStatusTest" time="4.561" classname="com.bin.APITestPackage.DotAPITest"/>
  <testcase name="tasksCountthoseHaveCatergoryTest" time="0.148" classname="com.bin.APITestPackage.DotAPITest"/>
  <testcase name="printTaskNamesTest" time="0.034" classname="com.bin.APITestPackage.DotAPITest"/>
  <testcase name="printTaskBasedOnDueDateDescTest" time="0.081" classname="com.bin.APITestPackage.DotAPITest"/>
  <testcase name="countTaskNamesTest" time="0.03" classname="com.bin.APITestPackage.DotAPITest"/>
  <testcase name="validateAllValuesAreReturnedTest" time="0.044" classname="com.bin.APITestPackage.DotAPITest"/>
  <testcase name="allCompletedTasksTest" time="0.081" classname="com.bin.APITestPackage.DotAPITest"/>
</testsuite> <!-- DotDashTests -->
