<?xml version="1.0" encoding="UTF-8"?>
<!-- Generated by org.testng.reporters.JUnitXMLReporter -->
<testsuite hostname="dwarakamayicsk" ignored="0" name="DotDashWebTests" tests="18" failures="0" timestamp="14 Oct 2018 05:02:20 GMT" time="256.411" errors="0">
  <testcase name="createTaskWithOutAssigningCatergoryTest" time="2.017" classname="com.bin.InterfaceTest.TaskListTest"/>
  <testcase name="createDuplicateTaskTest" time="2.478" classname="com.bin.InterfaceTest.TaskListTest"/>
  <testcase name="createTaskWithCatergoryAndNoDueDateTest" time="3.698" classname="com.bin.InterfaceTest.TaskListTest"/>
  <testcase name="createTaskWithCatergoryAndFutureDueDateTest" time="6.557" classname="com.bin.InterfaceTest.TaskListTest"/>
  <testcase name="createTaskWithNoCatergoryAndFutureDueDateTest" time="2.297" classname="com.bin.InterfaceTest.TaskListTest"/>
  <testcase name="createTaskWithCatergoryAndPreviousDueDateTest" time="3.413" classname="com.bin.InterfaceTest.TaskListTest"/>
  <testcase name="removeTaskTest" time="5.196" classname="com.bin.InterfaceTest.TaskListTest"/>
  <testcase name="removeMultipleTasksTest" time="5.441" classname="com.bin.InterfaceTest.TaskListTest"/>
  <testcase name="createTaskWithNoCatergoryAndInvalidDueDateTest" time="2.81" classname="com.bin.InterfaceTest.TaskListTest"/>
  <testcase name="inspectCompletedTaskWithNoCategoryWithDateTest" time="5.067" classname="com.bin.InterfaceTest.TaskListTest"/>
  <testcase name="inspectCompletedTaskWithCategoryWithDateTest" time="6.548" classname="com.bin.InterfaceTest.TaskListTest"/>
  <testcase name="inspectToggleAllTest" time="2.791" classname="com.bin.InterfaceTest.TaskListTest"/>
  <testcase name="inspectUnToggleAllTest" time="3.508" classname="com.bin.InterfaceTest.TaskListTest"/>
  <testcase name="addSimpleCategoryTest" time="2.262" classname="com.bin.InterfaceTest.TaskListTest"/>
  <testcase name="addCategoryWithColorToAnotherCategoryRenameTest" time="2.142" classname="com.bin.InterfaceTest.TaskListTest"/>
  <testcase name="addCategoryWithColorToAnotherCategoryReplaceTest" time="4.05" classname="com.bin.InterfaceTest.TaskListTest"/>
  <testcase name="addCategoryWithColorToAnotherCategoryNeverMindTest" time="2.679" classname="com.bin.InterfaceTest.TaskListTest"/>
  <testcase name="removeCategoryTest" time="1.572" classname="com.bin.InterfaceTest.TaskListTest"/>
</testsuite> <!-- DotDashWebTests -->
