<?xml version="1.0" encoding="UTF-8"?>
<!-- Generated by org.testng.reporters.JUnitXMLReporter -->
<testsuite hostname="dwarakamayicsk" ignored="0" name="DotDashMainPage" tests="20" failures="0" timestamp="14 Oct 2018 23:25:35 GMT" time="230.408" errors="0">
  <testcase name="createTaskWithOutAssigningCatergoryTest" time="1.947" classname="com.bin.InterfaceTest.TaskListTest"/>
  <testcase name="createDuplicateTaskTest" time="2.85" classname="com.bin.InterfaceTest.TaskListTest"/>
  <testcase name="createTaskWithCatergoryAndNoDueDateTest" time="3.065" classname="com.bin.InterfaceTest.TaskListTest"/>
  <testcase name="createTaskWithCatergoryAndFutureDueDateTest" time="4.394" classname="com.bin.InterfaceTest.TaskListTest"/>
  <testcase name="createTaskWithNoCatergoryAndFutureDueDateTest" time="2.559" classname="com.bin.InterfaceTest.TaskListTest"/>
  <testcase name="createTaskWithCatergoryAndPreviousDueDateTest" time="3.406" classname="com.bin.InterfaceTest.TaskListTest"/>
  <testcase name="removeTaskTest" time="3.603" classname="com.bin.InterfaceTest.TaskListTest"/>
  <testcase name="removeMultipleTasksTest" time="5.007" classname="com.bin.InterfaceTest.TaskListTest"/>
  <testcase name="createTaskWithNoCatergoryAndInvalidDueDateTest" time="2.709" classname="com.bin.InterfaceTest.TaskListTest"/>
  <testcase name="inspectCompletedTaskWithNoCategoryWithDateTest" time="3.628" classname="com.bin.InterfaceTest.TaskListTest"/>
  <testcase name="inspectCompletedTaskWithCategoryWithDateTest" time="7.023" classname="com.bin.InterfaceTest.TaskListTest"/>
  <testcase name="inspectToggleAllTest" time="2.539" classname="com.bin.InterfaceTest.TaskListTest"/>
  <testcase name="inspectUnToggleAllTest" time="3.077" classname="com.bin.InterfaceTest.TaskListTest"/>
  <testcase name="addSimpleCategoryTest" time="1.703" classname="com.bin.InterfaceTest.TaskListTest"/>
  <testcase name="addCategoryWithColorToAnotherCategoryRenameTest" time="3.04" classname="com.bin.InterfaceTest.TaskListTest"/>
  <testcase name="addCategoryWithColorToAnotherCategoryReplaceTest" time="3.532" classname="com.bin.InterfaceTest.TaskListTest"/>
  <testcase name="addCategoryWithColorToAnotherCategoryNeverMindTest" time="2.63" classname="com.bin.InterfaceTest.TaskListTest"/>
  <testcase name="removeCategoryTest" time="1.801" classname="com.bin.InterfaceTest.TaskListTest"/>
  <testcase name="inspectTasksIfCategoryIsRenamedTest" time="6.44" classname="com.bin.InterfaceTest.TaskListTest"/>
  <testcase name="inspectTasksIfCategoryIsReplacedTest" time="5.581" classname="com.bin.InterfaceTest.TaskListTest"/>
</testsuite> <!-- DotDashMainPage -->
