<?xml version="1.0" encoding="UTF-8"?>
<!-- Generated by org.testng.reporters.JUnitXMLReporter -->
<testsuite hostname="dwarakamayicsk" ignored="0" name="DotDashWebTaskUpdate" tests="8" failures="0" timestamp="14 Oct 2018 23:27:10 GMT" time="95.451" errors="0">
  <testcase name="inspectTaskDetailsInUpdatePageTest" time="4.593" classname="com.bin.InterfaceTest.TaskUpdateTest"/>
  <testcase name="inspectTaskDetailsInUpdatePageWithNoCategoryTest" time="6.209" classname="com.bin.InterfaceTest.TaskUpdateTest"/>
  <testcase name="inspectTaskDetailsInUpdatePageWithNoDueDateTest" time="4.423" classname="com.bin.InterfaceTest.TaskUpdateTest"/>
  <testcase name="inspectTaskDetailsInUpdatePageNoCategoryAndNoDueDateTest" time="3.189" classname="com.bin.InterfaceTest.TaskUpdateTest"/>
  <testcase name="updateTaskNameTest" time="4.376" classname="com.bin.InterfaceTest.TaskUpdateTest"/>
  <testcase name="updateTaskByCategoryTest" time="6.394" classname="com.bin.InterfaceTest.TaskUpdateTest"/>
  <testcase name="updateTaskByPreviousDueDateTest" time="2.782" classname="com.bin.InterfaceTest.TaskUpdateTest"/>
  <testcase name="updateTaskWithCategoryByPreviousDueDateTest" time="5.24" classname="com.bin.InterfaceTest.TaskUpdateTest"/>
</testsuite> <!-- DotDashWebTaskUpdate -->
