<?xml version="1.0" encoding="UTF-8"?>
<!-- Generated by org.testng.reporters.JUnitXMLReporter -->
<testsuite hostname="dwarakamayicsk" ignored="0" name="DotDashAllTest" tests="3" failures="0" timestamp="13 Oct 2018 19:27:50 GMT" time="54.735" errors="0">
  <testcase name="serviceStatusTest" time="4.635" classname="com.bin.APITestPackage.DotAPITest"/>
  <testcase name="createTaskWithOutAssigningCatergoryTest" time="8.912" classname="com.bin.InterfaceTest.TaskListTest"/>
  <testcase name="updateTaskNameTest" time="2.181" classname="com.bin.InterfaceTest.TaskUpdateTest"/>
</testsuite> <!-- DotDashAllTest -->
