<?xml version="1.0" encoding="UTF-8"?>
<!-- Generated by org.testng.reporters.JUnitXMLReporter -->
<testsuite hostname="dwarakamayicsk" ignored="0" name="Test" tests="4" failures="0" timestamp="13 Oct 2018 20:12:13 GMT" time="58.37" errors="0">
  <testcase name="updateTaskNameTest" time="23.186" classname="com.bin.InterfaceTest.TaskUpdateTest"/>
  <testcase name="createTaskWithOutAssigningCatergoryTest" time="1.49" classname="com.bin.InterfaceTest.TaskListTest"/>
  <testcase name="serviceStatusTest" time="1.311" classname="com.bin.APITestPackage.DotAPITest"/>
  <testcase name="updateTaskByCategoryTest" time="7.375" classname="com.bin.InterfaceTest.TaskUpdateTest"/>
</testsuite> <!-- Test -->
