<?xml version="1.0" encoding="UTF-8"?>
<!-- Generated by org.testng.reporters.JUnitXMLReporter -->
<testsuite hostname="dwarakamayicsk" ignored="0" name="Default test" tests="7" failures="0" timestamp="14 Oct 2018 19:56:34 GMT" time="14.472" errors="0">
  <testcase name="serviceStatusTest" time="8.624" classname="com.bin.APITestPackage.DotAPITest"/>
  <testcase name="tasksCountthoseHaveCatergoryTest" time="0.276" classname="com.bin.APITestPackage.DotAPITest"/>
  <testcase name="printTaskNamesTest" time="0.172" classname="com.bin.APITestPackage.DotAPITest"/>
  <testcase name="printTaskBasedOnDueDateDescTest" time="0.156" classname="com.bin.APITestPackage.DotAPITest"/>
  <testcase name="countTaskNamesTest" time="0.031" classname="com.bin.APITestPackage.DotAPITest"/>
  <testcase name="validateAllValuesAreReturnedTest" time="0.156" classname="com.bin.APITestPackage.DotAPITest"/>
  <testcase name="allCompletedTasksTest" time="0.047" classname="com.bin.APITestPackage.DotAPITest"/>
</testsuite> <!-- Default test -->
